# JRE version: OpenJDK Runtime Environment (Zulu 8.70.0.23-CA-win64) (8.0_372-b07) (build 1.8.0_372-b07)
# Java VM: OpenJDK 64-Bit Server VM (25.372-b07 mixed mode windows-amd64 compressed oops)
Heap:
 PSYoungGen      total 1253888K, used 583890K [0x0000000740000000, 0x00000007aae80000, 0x00000007c0000000)
  eden space 1172480K, 48% used [0x0000000740000000,0x000000076302dbb8,0x0000000787900000)
  from space 81408K, 12% used [0x000000078c900000,0x000000078d306e40,0x0000000791880000)
  to   space 81920K, 0% used [0x0000000787900000,0x0000000787900000,0x000000078c900000)
 ParOldGen       total 699392K, used 173193K [0x0000000640000000, 0x000000066ab00000, 0x0000000740000000)
  object space 699392K, 24% used [0x0000000640000000,0x000000064a9227a0,0x000000066ab00000)
 Metaspace       used 66890K, capacity 67991K, committed 68416K, reserved 1110016K
  class space    used 8286K, capacity 8559K, committed 8576K, reserved 1048576K
GC Heap History (10 events):
Event: 85.609 GC heap before
{Heap before GC invocations=14 (full 4):
 PSYoungGen      total 1229312K, used 0K [0x0000000740000000, 0x0000000795800000, 0x00000007c0000000)
  eden space 1172992K, 0% used [0x0000000740000000,0x0000000740000000,0x0000000787980000)
  from space 56320K, 0% used [0x000000078d980000,0x000000078d980000,0x0000000791080000)
  to   space 73216K, 0% used [0x0000000791080000,0x0000000791080000,0x0000000795800000)
 ParOldGen       total 699392K, used 142687K [0x0000000640000000, 0x000000066ab00000, 0x0000000740000000)
  object space 699392K, 20% used [0x0000000640000000,0x0000000648b57fd8,0x000000066ab00000)
 Metaspace       used 53488K, capacity 54299K, committed 54592K, reserved 1097728K
  class space    used 6731K, capacity 6971K, committed 7040K, reserved 1048576K
Event: 85.611 GC heap after
Heap after GC invocations=14 (full 4):
 PSYoungGen      total 1186304K, used 0K [0x0000000740000000, 0x0000000791d80000, 0x00000007c0000000)
  eden space 1172992K, 0% used [0x0000000740000000,0x0000000740000000,0x0000000787980000)
  from space 13312K, 0% used [0x0000000791080000,0x0000000791080000,0x0000000791d80000)
  to   space 83968K, 0% used [0x0000000787980000,0x0000000787980000,0x000000078cb80000)
 ParOldGen       total 699392K, used 142687K [0x0000000640000000, 0x000000066ab00000, 0x0000000740000000)
  object space 699392K, 20% used [0x0000000640000000,0x0000000648b57fd8,0x000000066ab00000)
 Metaspace       used 53488K, capacity 54299K, committed 54592K, reserved 1097728K
  class space    used 6731K, capacity 6971K, committed 7040K, reserved 1048576K
}
Event: 85.611 GC heap before
{Heap before GC invocations=15 (full 5):
 PSYoungGen      total 1186304K, used 0K [0x0000000740000000, 0x0000000791d80000, 0x00000007c0000000)
  eden space 1172992K, 0% used [0x0000000740000000,0x0000000740000000,0x0000000787980000)
  from space 13312K, 0% used [0x0000000791080000,0x0000000791080000,0x0000000791d80000)
  to   space 83968K, 0% used [0x0000000787980000,0x0000000787980000,0x000000078cb80000)
 ParOldGen       total 699392K, used 142687K [0x0000000640000000, 0x000000066ab00000, 0x0000000740000000)
  object space 699392K, 20% used [0x0000000640000000,0x0000000648b57fd8,0x000000066ab00000)
 Metaspace       used 53488K, capacity 54299K, committed 54592K, reserved 1097728K
  class space    used 6731K, capacity 6971K, committed 7040K, reserved 1048576K
Event: 85.648 GC heap after
Heap after GC invocations=15 (full 5):
 PSYoungGen      total 1186304K, used 0K [0x0000000740000000, 0x0000000791d80000, 0x00000007c0000000)
  eden space 1172992K, 0% used [0x0000000740000000,0x0000000740000000,0x0000000787980000)
  from space 13312K, 0% used [0x0000000791080000,0x0000000791080000,0x0000000791d80000)
  to   space 83968K, 0% used [0x0000000787980000,0x0000000787980000,0x000000078cb80000)
 ParOldGen       total 699392K, used 142687K [0x0000000640000000, 0x000000066ab00000, 0x0000000740000000)
  object space 699392K, 20% used [0x0000000640000000,0x0000000648b57fd8,0x000000066ab00000)
 Metaspace       used 53488K, capacity 54299K, committed 54592K, reserved 1097728K
  class space    used 6731K, capacity 6971K, committed 7040K, reserved 1048576K
}
Event: 87.741 GC heap before
{Heap before GC invocations=16 (full 5):
 PSYoungGen      total 1186304K, used 452812K [0x0000000740000000, 0x0000000791d80000, 0x00000007c0000000)
  eden space 1172992K, 38% used [0x0000000740000000,0x000000075ba333a8,0x0000000787980000)
  from space 13312K, 0% used [0x0000000791080000,0x0000000791080000,0x0000000791d80000)
  to   space 83968K, 0% used [0x0000000787980000,0x0000000787980000,0x000000078cb80000)
 ParOldGen       total 699392K, used 142687K [0x0000000640000000, 0x000000066ab00000, 0x0000000740000000)
  object space 699392K, 20% used [0x0000000640000000,0x0000000648b57fd8,0x000000066ab00000)
 Metaspace       used 64138K, capacity 65157K, committed 65728K, reserved 1105920K
  class space    used 8088K, capacity 8358K, committed 8448K, reserved 1048576K
Event: 87.754 GC heap after
Heap after GC invocations=16 (full 5):
 PSYoungGen      total 1217024K, used 43950K [0x0000000740000000, 0x0000000791880000, 0x00000007c0000000)
  eden space 1172992K, 0% used [0x0000000740000000,0x0000000740000000,0x0000000787980000)
  from space 44032K, 99% used [0x0000000787980000,0x000000078a46b818,0x000000078a480000)
  to   space 81408K, 0% used [0x000000078c900000,0x000000078c900000,0x0000000791880000)
 ParOldGen       total 699392K, used 142695K [0x0000000640000000, 0x000000066ab00000, 0x0000000740000000)
  object space 699392K, 20% used [0x0000000640000000,0x0000000648b59fd8,0x000000066ab00000)
 Metaspace       used 64138K, capacity 65157K, committed 65728K, reserved 1105920K
  class space    used 8088K, capacity 8358K, committed 8448K, reserved 1048576K
}
Event: 87.754 GC heap before
{Heap before GC invocations=17 (full 6):
 PSYoungGen      total 1217024K, used 43950K [0x0000000740000000, 0x0000000791880000, 0x00000007c0000000)
  eden space 1172992K, 0% used [0x0000000740000000,0x0000000740000000,0x0000000787980000)
  from space 44032K, 99% used [0x0000000787980000,0x000000078a46b818,0x000000078a480000)
  to   space 81408K, 0% used [0x000000078c900000,0x000000078c900000,0x0000000791880000)
 ParOldGen       total 699392K, used 142695K [0x0000000640000000, 0x000000066ab00000, 0x0000000740000000)
  object space 699392K, 20% used [0x0000000640000000,0x0000000648b59fd8,0x000000066ab00000)
 Metaspace       used 64138K, capacity 65157K, committed 65728K, reserved 1105920K
  class space    used 8088K, capacity 8358K, committed 8448K, reserved 1048576K
Event: 88.061 GC heap after
Heap after GC invocations=17 (full 6):
 PSYoungGen      total 1217024K, used 0K [0x0000000740000000, 0x0000000791880000, 0x00000007c0000000)
  eden space 1172992K, 0% used [0x0000000740000000,0x0000000740000000,0x0000000787980000)
  from space 44032K, 0% used [0x0000000787980000,0x0000000787980000,0x000000078a480000)
  to   space 81408K, 0% used [0x000000078c900000,0x000000078c900000,0x0000000791880000)
 ParOldGen       total 699392K, used 173185K [0x0000000640000000, 0x000000066ab00000, 0x0000000740000000)
  object space 699392K, 24% used [0x0000000640000000,0x000000064a9207a0,0x000000066ab00000)
 Metaspace       used 64138K, capacity 65157K, committed 65728K, reserved 1105920K
  class space    used 8088K, capacity 8358K, committed 8448K, reserved 1048576K
}
Event: 197.533 GC heap before
{Heap before GC invocations=18 (full 6):
 PSYoungGen      total 1217024K, used 1172992K [0x0000000740000000, 0x0000000791880000, 0x00000007c0000000)
  eden space 1172992K, 100% used [0x0000000740000000,0x0000000787980000,0x0000000787980000)
  from space 44032K, 0% used [0x0000000787980000,0x0000000787980000,0x000000078a480000)
  to   space 81408K, 0% used [0x000000078c900000,0x000000078c900000,0x0000000791880000)
 ParOldGen       total 699392K, used 173185K [0x0000000640000000, 0x000000066ab00000, 0x0000000740000000)
  object space 699392K, 24% used [0x0000000640000000,0x000000064a9207a0,0x000000066ab00000)
 Metaspace       used 66715K, capacity 67851K, committed 68160K, reserved 1110016K
  class space    used 8269K, capacity 8557K, committed 8576K, reserved 1048576K
Event: 197.539 GC heap after
Heap after GC invocations=18 (full 6):
 PSYoungGen      total 1253888K, used 10267K [0x0000000740000000, 0x00000007aae80000, 0x00000007c0000000)
  eden space 1172480K, 0% used [0x0000000740000000,0x0000000740000000,0x0000000787900000)
  from space 81408K, 12% used [0x000000078c900000,0x000000078d306e40,0x0000000791880000)
  to   space 81920K, 0% used [0x0000000787900000,0x0000000787900000,0x000000078c900000)
 ParOldGen       total 699392K, used 173193K [0x0000000640000000, 0x000000066ab00000, 0x0000000740000000)
  object space 699392K, 24% used [0x0000000640000000,0x000000064a9227a0,0x000000066ab00000)
 Metaspace       used 66715K, capacity 67851K, committed 68160K, reserved 1110016K
  class space    used 8269K, capacity 8557K, committed 8576K, reserved 1048576K
}

